0 info it worked if it ends with ok
1 verbose cli [ 'C:\\Program Files\\nodejs\\node.exe',
1 verbose cli   'C:\\Program Files\\nodejs\\node_modules\\npm\\bin\\npm-cli.js',
1 verbose cli   'start' ]
2 info using npm@3.10.8
3 info using node@v6.9.1
4 verbose run-script [ 'prestart', 'start', 'poststart' ]
5 info lifecycle film-search-engine@1.0.0~prestart: film-search-engine@1.0.0
6 silly lifecycle film-search-engine@1.0.0~prestart: no script for prestart, continuing
7 info lifecycle film-search-engine@1.0.0~start: film-search-engine@1.0.0
8 verbose lifecycle film-search-engine@1.0.0~start: unsafe-perm in lifecycle true
9 verbose lifecycle film-search-engine@1.0.0~start: PATH: C:\Program Files\nodejs\node_modules\npm\bin\node-gyp-bin;C:\Users\Anmol\Desktop\SeniorDesign\cell-phone-cinema-project\src\static\js\node_modules\.bin;C:\Program Files (x86)\NVIDIA Corporation\PhysX\Common;c:\Program Files (x86)\Intel\iCLS Client\;c:\Program Files\Intel\iCLS Client\;C:\Windows\system32;C:\Windows;C:\Windows\System32\Wbem;C:\Windows\System32\WindowsPowerShell\v1.0\;C:\Program Files\Intel\Intel(R) Management Engine Components\DAL;C:\Program Files\Intel\Intel(R) Management Engine Components\IPT;C:\Program Files (x86)\Intel\Intel(R) Management Engine Components\DAL;C:\Program Files (x86)\Intel\Intel(R) Management Engine Components\IPT;C:\Program Files (x86)\IVI Foundation\VISA\WinNT\Bin;C:\Users\Anmol\AppData\Local\Smartbar\Application\;C:\WINDOWS\system32;C:\WINDOWS;C:\WINDOWS\System32\Wbem;C:\WINDOWS\System32\WindowsPowerShell\v1.0\;C:\Program Files\Microsoft SQL Server\110\Tools\Binn\;C:\Program Files (x86)\Microsoft SDKs\TypeScript\1.0\;C:\Program Files (x86)\Skype\Phone\;C:\Program Files\MATLAB\R2014a\runtime\win64;C:\Program Files\MATLAB\R2014a\bin;C:\Program Files (x86)\MySQL\MySQL Fabric 1.5 & MySQL Utilities 1.5\;C:\Program Files (x86)\MySQL\MySQL Fabric 1.5 & MySQL Utilities 1.5\Doctrine extensions for PHP\;C:\Program Files (x86)\Windows Live\Shared;C:\Program Files\Git\cmd;C:\Python27;C:\Program Files\nodejs\;C:\Users\Anmol\AppData\Roaming\npm
10 verbose lifecycle film-search-engine@1.0.0~start: CWD: C:\Users\Anmol\Desktop\SeniorDesign\cell-phone-cinema-project\src\static\js
11 silly lifecycle film-search-engine@1.0.0~start: Args: [ '/d /s /c',
11 silly lifecycle   'watchify app.jsx -o bundle.js -t [ envify --NODE_ENV production  ] -t [ babelify --presets [ es2015 react ] --plugins [transform-object-rest-spread transform-decorators-legacy] ] -v' ]
12 silly lifecycle film-search-engine@1.0.0~start: Returned: code: 3221225786  signal: null
13 info lifecycle film-search-engine@1.0.0~start: Failed to exec start script
14 verbose stack Error: film-search-engine@1.0.0 start: `watchify app.jsx -o bundle.js -t [ envify --NODE_ENV production  ] -t [ babelify --presets [ es2015 react ] --plugins [transform-object-rest-spread transform-decorators-legacy] ] -v`
14 verbose stack Exit status 3221225786
14 verbose stack     at EventEmitter.<anonymous> (C:\Program Files\nodejs\node_modules\npm\lib\utils\lifecycle.js:255:16)
14 verbose stack     at emitTwo (events.js:106:13)
14 verbose stack     at EventEmitter.emit (events.js:191:7)
14 verbose stack     at ChildProcess.<anonymous> (C:\Program Files\nodejs\node_modules\npm\lib\utils\spawn.js:40:14)
14 verbose stack     at emitTwo (events.js:106:13)
14 verbose stack     at ChildProcess.emit (events.js:191:7)
14 verbose stack     at maybeClose (internal/child_process.js:877:16)
14 verbose stack     at Process.ChildProcess._handle.onexit (internal/child_process.js:226:5)
15 verbose pkgid film-search-engine@1.0.0
16 verbose cwd C:\Users\Anmol\Desktop\SeniorDesign\cell-phone-cinema-project\src\static\js
17 error Windows_NT 6.3.9600
18 error argv "C:\\Program Files\\nodejs\\node.exe" "C:\\Program Files\\nodejs\\node_modules\\npm\\bin\\npm-cli.js" "start"
19 error node v6.9.1
20 error npm  v3.10.8
21 error code ELIFECYCLE
22 error film-search-engine@1.0.0 start: `watchify app.jsx -o bundle.js -t [ envify --NODE_ENV production  ] -t [ babelify --presets [ es2015 react ] --plugins [transform-object-rest-spread transform-decorators-legacy] ] -v`
22 error Exit status 3221225786
23 error Failed at the film-search-engine@1.0.0 start script 'watchify app.jsx -o bundle.js -t [ envify --NODE_ENV production  ] -t [ babelify --presets [ es2015 react ] --plugins [transform-object-rest-spread transform-decorators-legacy] ] -v'.
23 error Make sure you have the latest version of node.js and npm installed.
23 error If you do, this is most likely a problem with the film-search-engine package,
23 error not with npm itself.
23 error Tell the author that this fails on your system:
23 error     watchify app.jsx -o bundle.js -t [ envify --NODE_ENV production  ] -t [ babelify --presets [ es2015 react ] --plugins [transform-object-rest-spread transform-decorators-legacy] ] -v
23 error You can get information on how to open an issue for this project with:
23 error     npm bugs film-search-engine
23 error Or if that isn't available, you can get their info via:
23 error     npm owner ls film-search-engine
23 error There is likely additional logging output above.
24 verbose exit [ 1, true ]
